<?xml version="1.0" encoding="UTF-8"?>
<testng-results ignored="0" total="4" passed="3" failed="1" skipped="0">
  <reporter-output>
  </reporter-output>
  <suite started-at="2023-08-04T00:05:32 IST" name="Default suite" finished-at="2023-08-04T00:07:23 IST" duration-ms="110906">
    <groups>
    </groups>
    <test started-at="2023-08-04T00:05:32 IST" name="Default test" finished-at="2023-08-04T00:07:23 IST" duration-ms="110906">
      <class name="test.LoginTestListeners">
        <test-method is-config="true" signature="configureReports()[pri:0, instance:test.LoginTestListeners@477b4cdf]" started-at="2023-08-04T00:05:32 IST" name="configureReports" finished-at="2023-08-04T00:05:32 IST" duration-ms="459" status="PASS">
          <reporter-output>
          </reporter-output>
        </test-method> <!-- configureReports -->
        <test-method is-config="true" signature="openBrowser()[pri:0, instance:test.LoginTestListeners@477b4cdf]" started-at="2023-08-04T00:05:32 IST" name="openBrowser" finished-at="2023-08-04T00:06:25 IST" duration-ms="52905" status="PASS">
          <reporter-output>
          </reporter-output>
        </test-method> <!-- openBrowser -->
        <test-method signature="createNewAccount()[pri:0, instance:test.LoginTestListeners@477b4cdf]" started-at="2023-08-04T00:06:25 IST" name="createNewAccount" finished-at="2023-08-04T00:06:26 IST" duration-ms="1310" status="PASS">
          <reporter-output>
          </reporter-output>
        </test-method> <!-- createNewAccount -->
        <test-method is-config="true" signature="captureResult(org.testng.ITestResult)[pri:0, instance:test.LoginTestListeners@477b4cdf]" started-at="2023-08-04T00:06:27 IST" name="captureResult" finished-at="2023-08-04T00:06:27 IST" duration-ms="211" status="PASS">
          <params>
            <param index="0">
              <value>
                <![CDATA[[TestResult name=createNewAccount status=SUCCESS method=LoginTestListeners.createNewAccount()[pri:0, instance:test.LoginTestListeners@477b4cdf] output={null}]]]>
              </value>
            </param>
          </params>
          <reporter-output>
          </reporter-output>
        </test-method> <!-- captureResult -->
        <test-method is-config="true" signature="openBrowser()[pri:0, instance:test.LoginTestListeners@477b4cdf]" started-at="2023-08-04T00:06:27 IST" name="openBrowser" finished-at="2023-08-04T00:06:31 IST" duration-ms="4285" status="PASS">
          <reporter-output>
          </reporter-output>
        </test-method> <!-- openBrowser -->
        <test-method signature="loginWithValidCredentials()[pri:0, instance:test.LoginTestListeners@477b4cdf]" started-at="2023-08-04T00:06:31 IST" name="loginWithValidCredentials" finished-at="2023-08-04T00:06:46 IST" duration-ms="14991" status="FAIL">
          <exception class="java.lang.AssertionError">
            <message>
              <![CDATA[expected [null] but found [Facebook – log in or sign up]]]>
            </message>
            <full-stacktrace>
              <![CDATA[java.lang.AssertionError: expected [null] but found [Facebook – log in or sign up]
at org.testng.Assert.fail(Assert.java:111)
at org.testng.Assert.failNotSame(Assert.java:1574)
at org.testng.Assert.assertNull(Assert.java:1507)
at org.testng.Assert.assertNull(Assert.java:1495)
at test.LoginTestListeners.loginWithValidCredentials(LoginTestListeners.java:45)
at java.base/jdk.internal.reflect.NativeMethodAccessorImpl.invoke0(Native Method)
at java.base/jdk.internal.reflect.NativeMethodAccessorImpl.invoke(NativeMethodAccessorImpl.java:77)
at java.base/jdk.internal.reflect.DelegatingMethodAccessorImpl.invoke(DelegatingMethodAccessorImpl.java:43)
at java.base/java.lang.reflect.Method.invoke(Method.java:568)
at org.testng.internal.invokers.MethodInvocationHelper.invokeMethod(MethodInvocationHelper.java:139)
at org.testng.internal.invokers.TestInvoker.invokeMethod(TestInvoker.java:664)
at org.testng.internal.invokers.TestInvoker.invokeTestMethod(TestInvoker.java:227)
at org.testng.internal.invokers.MethodRunner.runInSequence(MethodRunner.java:50)
at org.testng.internal.invokers.TestInvoker$MethodInvocationAgent.invoke(TestInvoker.java:957)
at org.testng.internal.invokers.TestInvoker.invokeTestMethods(TestInvoker.java:200)
at org.testng.internal.invokers.TestMethodWorker.invokeTestMethods(TestMethodWorker.java:148)
at org.testng.internal.invokers.TestMethodWorker.run(TestMethodWorker.java:128)
at java.base/java.util.ArrayList.forEach(ArrayList.java:1511)
at org.testng.TestRunner.privateRun(TestRunner.java:848)
at org.testng.TestRunner.run(TestRunner.java:621)
at org.testng.SuiteRunner.runTest(SuiteRunner.java:443)
at org.testng.SuiteRunner.runSequentially(SuiteRunner.java:437)
at org.testng.SuiteRunner.privateRun(SuiteRunner.java:397)
at org.testng.SuiteRunner.run(SuiteRunner.java:336)
at org.testng.SuiteRunnerWorker.runSuite(SuiteRunnerWorker.java:52)
at org.testng.SuiteRunnerWorker.run(SuiteRunnerWorker.java:95)
at org.testng.TestNG.runSuitesSequentially(TestNG.java:1280)
at org.testng.TestNG.runSuitesLocally(TestNG.java:1200)
at org.testng.TestNG.runSuites(TestNG.java:1114)
at org.testng.TestNG.run(TestNG.java:1082)
at org.testng.remote.AbstractRemoteTestNG.run(AbstractRemoteTestNG.java:115)
at org.testng.remote.RemoteTestNG.initAndRun(RemoteTestNG.java:251)
at org.testng.remote.RemoteTestNG.main(RemoteTestNG.java:77)
]]>
            </full-stacktrace>
          </exception> <!-- java.lang.AssertionError -->
          <reporter-output>
          </reporter-output>
        </test-method> <!-- loginWithValidCredentials -->
        <test-method is-config="true" signature="captureResult(org.testng.ITestResult)[pri:0, instance:test.LoginTestListeners@477b4cdf]" started-at="2023-08-04T00:06:47 IST" name="captureResult" finished-at="2023-08-04T00:06:47 IST" duration-ms="191" status="PASS">
          <params>
            <param index="0">
              <value>
                <![CDATA[[TestResult name=loginWithValidCredentials status=FAILURE method=LoginTestListeners.loginWithValidCredentials()[pri:0, instance:test.LoginTestListeners@477b4cdf] output={null}]]]>
              </value>
            </param>
          </params>
          <reporter-output>
          </reporter-output>
        </test-method> <!-- captureResult -->
        <test-method is-config="true" signature="openBrowser()[pri:0, instance:test.LoginTestListeners@477b4cdf]" started-at="2023-08-04T00:06:47 IST" name="openBrowser" finished-at="2023-08-04T00:06:53 IST" duration-ms="6395" status="PASS">
          <reporter-output>
          </reporter-output>
        </test-method> <!-- openBrowser -->
        <test-method signature="loginWithValidUserNameAndInvalidPassword()[pri:0, instance:test.LoginTestListeners@477b4cdf]" started-at="2023-08-04T00:06:53 IST" name="loginWithValidUserNameAndInvalidPassword" finished-at="2023-08-04T00:06:54 IST" duration-ms="514" status="PASS">
          <reporter-output>
          </reporter-output>
        </test-method> <!-- loginWithValidUserNameAndInvalidPassword -->
        <test-method is-config="true" signature="captureResult(org.testng.ITestResult)[pri:0, instance:test.LoginTestListeners@477b4cdf]" started-at="2023-08-04T00:07:02 IST" name="captureResult" finished-at="2023-08-04T00:07:03 IST" duration-ms="227" status="PASS">
          <params>
            <param index="0">
              <value>
                <![CDATA[[TestResult name=loginWithValidUserNameAndInvalidPassword status=SUCCESS method=LoginTestListeners.loginWithValidUserNameAndInvalidPassword()[pri:0, instance:test.LoginTestListeners@477b4cdf] output={null}]]]>
              </value>
            </param>
          </params>
          <reporter-output>
          </reporter-output>
        </test-method> <!-- captureResult -->
        <test-method is-config="true" signature="openBrowser()[pri:0, instance:test.LoginTestListeners@477b4cdf]" started-at="2023-08-04T00:07:03 IST" name="openBrowser" finished-at="2023-08-04T00:07:07 IST" duration-ms="4042" status="PASS">
          <reporter-output>
          </reporter-output>
        </test-method> <!-- openBrowser -->
        <test-method signature="loginwithInvalidUserNameAndPassword()[pri:0, instance:test.LoginTestListeners@477b4cdf]" started-at="2023-08-04T00:07:07 IST" name="loginwithInvalidUserNameAndPassword" finished-at="2023-08-04T00:07:07 IST" duration-ms="534" status="PASS">
          <reporter-output>
          </reporter-output>
        </test-method> <!-- loginwithInvalidUserNameAndPassword -->
        <test-method is-config="true" signature="captureResult(org.testng.ITestResult)[pri:0, instance:test.LoginTestListeners@477b4cdf]" started-at="2023-08-04T00:07:22 IST" name="captureResult" finished-at="2023-08-04T00:07:22 IST" duration-ms="310" status="PASS">
          <params>
            <param index="0">
              <value>
                <![CDATA[[TestResult name=loginwithInvalidUserNameAndPassword status=SUCCESS method=LoginTestListeners.loginwithInvalidUserNameAndPassword()[pri:0, instance:test.LoginTestListeners@477b4cdf] output={null}]]]>
              </value>
            </param>
          </params>
          <reporter-output>
          </reporter-output>
        </test-method> <!-- captureResult -->
        <test-method is-config="true" signature="publish()[pri:0, instance:test.LoginTestListeners@477b4cdf]" started-at="2023-08-04T00:07:22 IST" name="publish" finished-at="2023-08-04T00:07:23 IST" duration-ms="568" status="PASS">
          <reporter-output>
          </reporter-output>
        </test-method> <!-- publish -->
      </class> <!-- test.LoginTestListeners -->
    </test> <!-- Default test -->
  </suite> <!-- Default suite -->
</testng-results>
